<?xml version="1.0" encoding="UTF-8"?>
<!-- Generated by org.testng.reporters.JUnitReportReporter -->
<testsuite hostname="ZhaoPeng-PC" name="com.highpin.test.BusinessLoginAction3" tests="7" failures="0" timestamp="15 Dec 2015 01:23:23 GMT" time="10.568" errors="0">
  <testcase name="navigate" time="1.638" classname="com.highpin.test.BusinessLoginAction3"/>
  <testcase name="inputPostCode" time="0.307" classname="com.highpin.test.BusinessLoginAction3"/>
  <testcase name="loginAction" time="1.678" classname="com.highpin.test.BusinessLoginAction3"/>
  <testcase name="waitFor" time="5.000" classname="com.highpin.test.BusinessLoginAction3"/>
  <testcase name="inputUserName" time="0.457" classname="com.highpin.test.BusinessLoginAction3"/>
  <testcase name="inputPassword" time="0.319" classname="com.highpin.test.BusinessLoginAction3"/>
  <testcase name="clickLogout" time="1.169" classname="com.highpin.test.BusinessLoginAction3"/>
</testsuite> <!-- com.highpin.test.BusinessLoginAction3 -->
