<?xml version="1.0" encoding="UTF-8"?>
<!-- Generated by org.testng.reporters.JUnitReportReporter -->
<testsuite hostname="ZhaoPeng-PC" name="com.highpin.test.BusinessLoginAction1" tests="7" failures="0" timestamp="15 Dec 2015 01:23:23 GMT" time="11.515" errors="0">
  <testcase name="inputPassword" time="0.243" classname="com.highpin.test.BusinessLoginAction1"/>
  <testcase name="navigate" time="2.775" classname="com.highpin.test.BusinessLoginAction1"/>
  <testcase name="clickLogout" time="1.134" classname="com.highpin.test.BusinessLoginAction1"/>
  <testcase name="inputUserName" time="0.274" classname="com.highpin.test.BusinessLoginAction1"/>
  <testcase name="inputPostCode" time="0.230" classname="com.highpin.test.BusinessLoginAction1"/>
  <testcase name="loginAction" time="1.858" classname="com.highpin.test.BusinessLoginAction1"/>
  <testcase name="waitFor" time="5.001" classname="com.highpin.test.BusinessLoginAction1"/>
</testsuite> <!-- com.highpin.test.BusinessLoginAction1 -->
