<?xml version="1.0" encoding="UTF-8"?>
<!-- Generated by org.testng.reporters.JUnitReportReporter -->
<testsuite hostname="ZhaoPeng-PC" name="com.highpin.test.BusinessLoginAction3" tests="7" failures="0" timestamp="14 Dec 2015 09:24:34 GMT" time="18.005" errors="0">
  <testcase name="navigate" time="0.593" classname="com.highpin.test.BusinessLoginAction3"/>
  <testcase name="waitFor" time="5.000" classname="com.highpin.test.BusinessLoginAction3"/>
  <testcase name="inputPostCode" time="0.453" classname="com.highpin.test.BusinessLoginAction3"/>
  <testcase name="inputPassword" time="0.486" classname="com.highpin.test.BusinessLoginAction3"/>
  <testcase name="clickLogout" time="10.206" classname="com.highpin.test.BusinessLoginAction3"/>
  <testcase name="inputUserName" time="0.615" classname="com.highpin.test.BusinessLoginAction3"/>
  <testcase name="loginAction" time="0.652" classname="com.highpin.test.BusinessLoginAction3"/>
</testsuite> <!-- com.highpin.test.BusinessLoginAction3 -->
