<?xml version="1.0" encoding="UTF-8"?>
<!-- Generated by org.testng.reporters.JUnitReportReporter -->
<testsuite hostname="ZhaoPeng-PC" name="com.highpin.test.BusinessLoginAction2" tests="7" failures="0" timestamp="15 Dec 2015 01:23:23 GMT" time="11.588" errors="0">
  <testcase name="loginAction" time="1.709" classname="com.highpin.test.BusinessLoginAction2"/>
  <testcase name="waitFor" time="5.001" classname="com.highpin.test.BusinessLoginAction2"/>
  <testcase name="navigate" time="3.179" classname="com.highpin.test.BusinessLoginAction2"/>
  <testcase name="clickLogout" time="1.048" classname="com.highpin.test.BusinessLoginAction2"/>
  <testcase name="inputUserName" time="0.257" classname="com.highpin.test.BusinessLoginAction2"/>
  <testcase name="inputPassword" time="0.200" classname="com.highpin.test.BusinessLoginAction2"/>
  <testcase name="inputPostCode" time="0.194" classname="com.highpin.test.BusinessLoginAction2"/>
</testsuite> <!-- com.highpin.test.BusinessLoginAction2 -->
