<?xml version="1.0" encoding="UTF-8"?>
<!-- Generated by org.testng.reporters.JUnitReportReporter -->
<testsuite hostname="DESKTOP-M6H8B11" name="com.highpin.test.LoginAction1" tests="7" failures="0" timestamp="13 Dec 2015 17:08:35 GMT" time="39.190" errors="0">
  <testcase name="navigate" time="8.763" classname="com.highpin.test.LoginAction1"/>
  <testcase name="inputPassword" time="0.631" classname="com.highpin.test.LoginAction1"/>
  <testcase name="forwardLoginPage" time="3.550" classname="com.highpin.test.LoginAction1"/>
  <testcase name="inputUserName" time="0.510" classname="com.highpin.test.LoginAction1"/>
  <testcase name="submitForm" time="10.399" classname="com.highpin.test.LoginAction1"/>
  <testcase name="clickLogout" time="10.336" classname="com.highpin.test.LoginAction1"/>
  <testcase name="waitFor" time="5.001" classname="com.highpin.test.LoginAction1"/>
</testsuite> <!-- com.highpin.test.LoginAction1 -->
