<?xml version="1.0" encoding="UTF-8"?>
<!-- Generated by org.testng.reporters.JUnitReportReporter -->
<testsuite hostname="DESKTOP-M6H8B11" name="com.highpin.test.LoginAction3" tests="7" failures="0" timestamp="13 Dec 2015 17:08:35 GMT" time="17.078" errors="0">
  <testcase name="submitForm" time="3.773" classname="com.highpin.test.LoginAction3"/>
  <testcase name="waitFor" time="5.001" classname="com.highpin.test.LoginAction3"/>
  <testcase name="inputPassword" time="1.005" classname="com.highpin.test.LoginAction3"/>
  <testcase name="navigate" time="3.072" classname="com.highpin.test.LoginAction3"/>
  <testcase name="forwardLoginPage" time="2.678" classname="com.highpin.test.LoginAction3"/>
  <testcase name="clickLogout" time="0.666" classname="com.highpin.test.LoginAction3"/>
  <testcase name="inputUserName" time="0.883" classname="com.highpin.test.LoginAction3"/>
</testsuite> <!-- com.highpin.test.LoginAction3 -->
