<?xml version="1.0" encoding="UTF-8"?>
<!-- Generated by org.testng.reporters.JUnitReportReporter -->
<testsuite hostname="ZhaoPeng-PC" name="com.highpin.test.BusinessLoginAction1" tests="7" failures="0" timestamp="14 Dec 2015 09:24:34 GMT" time="9.354" errors="0">
  <testcase name="navigate" time="0.959" classname="com.highpin.test.BusinessLoginAction1"/>
  <testcase name="loginAction" time="1.607" classname="com.highpin.test.BusinessLoginAction1"/>
  <testcase name="waitFor" time="5.001" classname="com.highpin.test.BusinessLoginAction1"/>
  <testcase name="inputPostCode" time="0.231" classname="com.highpin.test.BusinessLoginAction1"/>
  <testcase name="inputUserName" time="0.300" classname="com.highpin.test.BusinessLoginAction1"/>
  <testcase name="clickLogout" time="1.004" classname="com.highpin.test.BusinessLoginAction1"/>
  <testcase name="inputPassword" time="0.252" classname="com.highpin.test.BusinessLoginAction1"/>
</testsuite> <!-- com.highpin.test.BusinessLoginAction1 -->
